<?xml version="1.0" encoding="UTF-8"?>
<!-- Generated by org.testng.reporters.JUnitReportReporter -->
<testsuite skipped="0" hostname="Lenovo-PC" name="testscript.LinkedInTest" tests="1" failures="0" timestamp="20 Aug 2018 12:53:39 GMT" time="10.125" errors="0">
  <testcase name="linkedinTest" time="10.125" classname="testscript.LinkedInTest"/>
</testsuite> <!-- testscript.LinkedInTest -->
