<?xml version="1.0" encoding="UTF-8"?>
<!-- Generated by org.testng.reporters.JUnitReportReporter -->
<testsuite skipped="0" hostname="Lenovo-PC" name="testscript.InstagramTest" tests="1" failures="0" timestamp="20 Aug 2018 12:44:48 GMT" time="16.208" errors="0">
  <testcase name="instagramTest" time="16.208" classname="testscript.InstagramTest"/>
</testsuite> <!-- testscript.InstagramTest -->
