<?xml version="1.0" encoding="UTF-8"?>
<!-- Generated by org.testng.reporters.JUnitReportReporter -->
<testsuite skipped="0" hostname="Lenovo-PC" name="testscript.TwitterTest" tests="1" failures="0" timestamp="20 Aug 2018 12:59:20 GMT" time="10.199" errors="0">
  <testcase name="twitterTest" time="10.199" classname="testscript.TwitterTest"/>
</testsuite> <!-- testscript.TwitterTest -->
